<?xml version="1.0" encoding="UTF-8"?>
<robot generator="Robot 6.1.1 (Python 3.10.12 on linux)" generated="20240401 18:24:30.323" rpa="false" schemaversion="4">
<suite id="s1" name="Teste" source="/home/ofra/workspace/SALE_Learning/teste.robot">
<test id="s1-t1" name="TC01 - Acessar site dos correios" line="17">
<kw name="Abrir site dos correios">
<kw name="Open Browser" library="SeleniumLibrary">
<arg>url=https://www.correios.com.br/</arg>
<arg>browser=Chrome</arg>
<doc>Opens a new browser instance to the optional ``url``.</doc>
<msg timestamp="20240401 18:24:30.703" level="INFO">Opening browser 'Chrome' to base url 'https://www.correios.com.br/'.</msg>
<status status="PASS" starttime="20240401 18:24:30.702" endtime="20240401 18:24:34.539"/>
</kw>
<status status="PASS" starttime="20240401 18:24:30.702" endtime="20240401 18:24:34.539"/>
</kw>
<kw name="Clicar em Busca CEP ou Endereço">
<kw name="Click Element" library="SeleniumLibrary">
<arg>${ACEITO}</arg>
<doc>Click the element identified by ``locator``.</doc>
<msg timestamp="20240401 18:24:34.541" level="INFO">Clicking element '//a[@id='btnCookie']'.</msg>
<status status="PASS" starttime="20240401 18:24:34.540" endtime="20240401 18:24:34.749"/>
</kw>
<kw name="Click Element" library="SeleniumLibrary">
<arg>${CEP_XPATH}</arg>
<doc>Click the element identified by ``locator``.</doc>
<msg timestamp="20240401 18:24:34.749" level="INFO">Clicking element '//ul/li/a/span[.='Busca CEP ou Endereço']'.</msg>
<status status="PASS" starttime="20240401 18:24:34.749" endtime="20240401 18:24:35.447"/>
</kw>
<status status="PASS" starttime="20240401 18:24:34.540" endtime="20240401 18:24:35.447"/>
</kw>
<kw name="Sleep" library="BuiltIn">
<arg>5s</arg>
<doc>Pauses the test executed for the given time.</doc>
<msg timestamp="20240401 18:24:40.448" level="INFO">Slept 5 seconds</msg>
<status status="PASS" starttime="20240401 18:24:35.447" endtime="20240401 18:24:40.448"/>
</kw>
<kw name="Close Browser" library="SeleniumLibrary">
<doc>Closes the current browser.</doc>
<status status="PASS" starttime="20240401 18:24:40.448" endtime="20240401 18:24:40.529"/>
</kw>
<status status="PASS" starttime="20240401 18:24:30.701" endtime="20240401 18:24:40.530"/>
</test>
<status status="PASS" starttime="20240401 18:24:30.323" endtime="20240401 18:24:40.530"/>
</suite>
<statistics>
<total>
<stat pass="1" fail="0" skip="0">All Tests</stat>
</total>
<tag>
</tag>
<suite>
<stat pass="1" fail="0" skip="0" id="s1" name="Teste">Teste</stat>
</suite>
</statistics>
<errors>
</errors>
</robot>
