<?xml version="1.0" encoding="UTF-8"?>
<robot generator="Robot 6.1.1 (Python 3.10.12 on linux)" generated="20240402 17:52:27.336" rpa="false" schemaversion="4">
<suite id="s1" name="Tests Suits" source="/home/ofra/workspace/SALE_Learning/tests_suits">
<suite id="s1-s1" name="Teste" source="/home/ofra/workspace/SALE_Learning/tests_suits/teste.robot">
<test id="s1-s1-t1" name="TC01 - Acessar site dos correios" line="17">
<kw name="Abrir site dos correios">
<kw name="Open Browser" library="SeleniumLibrary">
<arg>url=https://www.correios.com.br/</arg>
<arg>browser=Chrome</arg>
<doc>Opens a new browser instance to the optional ``url``.</doc>
<msg timestamp="20240402 17:52:27.718" level="INFO">Opening browser 'Chrome' to base url 'https://www.correios.com.br/'.</msg>
<status status="PASS" starttime="20240402 17:52:27.717" endtime="20240402 17:52:31.839"/>
</kw>
<status status="PASS" starttime="20240402 17:52:27.717" endtime="20240402 17:52:31.839"/>
</kw>
<kw name="Clicar em Busca CEP ou Endereço">
<kw name="Click Element" library="SeleniumLibrary">
<arg>${ACEITO}</arg>
<doc>Click the element identified by ``locator``.</doc>
<msg timestamp="20240402 17:52:31.841" level="INFO">Clicking element '//a[@id='btnCookie']'.</msg>
<status status="PASS" starttime="20240402 17:52:31.840" endtime="20240402 17:52:31.977"/>
</kw>
<kw name="Click Element" library="SeleniumLibrary">
<arg>${CEP_XPATH}</arg>
<doc>Click the element identified by ``locator``.</doc>
<msg timestamp="20240402 17:52:31.978" level="INFO">Clicking element '//ul/li/a/span[.='Busca CEP ou Endereço']'.</msg>
<status status="PASS" starttime="20240402 17:52:31.977" endtime="20240402 17:52:33.129"/>
</kw>
<status status="PASS" starttime="20240402 17:52:31.839" endtime="20240402 17:52:33.129"/>
</kw>
<kw name="Sleep" library="BuiltIn">
<arg>5s</arg>
<doc>Pauses the test executed for the given time.</doc>
<msg timestamp="20240402 17:52:38.130" level="INFO">Slept 5 seconds</msg>
<status status="PASS" starttime="20240402 17:52:33.129" endtime="20240402 17:52:38.130"/>
</kw>
<kw name="Close Browser" library="SeleniumLibrary">
<doc>Closes the current browser.</doc>
<status status="PASS" starttime="20240402 17:52:38.130" endtime="20240402 17:52:38.201"/>
</kw>
<status status="PASS" starttime="20240402 17:52:27.716" endtime="20240402 17:52:38.202"/>
</test>
<status status="PASS" starttime="20240402 17:52:27.356" endtime="20240402 17:52:38.203"/>
</suite>
<status status="PASS" starttime="20240402 17:52:27.337" endtime="20240402 17:52:38.206"/>
</suite>
<statistics>
<total>
<stat pass="1" fail="0" skip="0">All Tests</stat>
</total>
<tag>
</tag>
<suite>
<stat pass="1" fail="0" skip="0" id="s1" name="Tests Suits">Tests Suits</stat>
<stat pass="1" fail="0" skip="0" id="s1-s1" name="Teste">Tests Suits.Teste</stat>
</suite>
</statistics>
<errors>
</errors>
</robot>
